<?xml version="1.0" encoding="UTF-8"?>
<testsuite xmlns:xsi="http://www.w3.org/2001/XMLSchema-instance" xsi:noNamespaceSchemaLocation="https://maven.apache.org/surefire/maven-surefire-plugin/xsd/surefire-test-report-3.0.xsd" version="3.0" name="uz.zafar.ibratfarzandlari.IbratfarzandlariApplicationTests" time="4.87" tests="1" errors="0" skipped="0" failures="0">
  <properties>
[...]
</properties>
  <testcase name="contextLoads" classname="uz.zafar.ibratfarzandlari.IbratfarzandlariApplicationTests" time="0.409">
    <system-out><![CDATA[Standard Commons Logging discovery in action with spring-jcl: please remove commons-logging.jar from classpath in order to avoid potential conflicts
13:19:16.899 [main] INFO org.springframework.test.context.support.AnnotationConfigContextLoaderUtils -- Could not detect default configuration classes for test class [uz.zafar.ibratfarzandlari.IbratfarzandlariApplicationTests]: IbratfarzandlariApplicationTests does not declare any static, non-private, non-final, nested classes annotated with @Configuration.
13:19:16.979 [main] INFO org.springframework.boot.test.context.SpringBootTestContextBootstrapper -- Found @SpringBootConfiguration uz.zafar.ibratfarzandlari.IbratfarzandlariApplication for test class uz.zafar.ibratfarzandlari.IbratfarzandlariApplicationTests

  .   ____          _            __ _ _
 /\\ / ___'_ __ _ _(_)_ __  __ _ \ \ \ \
( ( )\___ | '_ | '_| | '_ \/ _` | \ \ \ \
 \\/  ___)| |_)| | | | | || (_| |  ) ) ) )
  '  |____| .__|_| |_|_| |_\__, | / / / /
 =========|_|==============|___/=/_/_/_/

 :: Spring Boot ::                (v3.3.4)

2024-09-26T13:19:17.367+05:00  INFO 8404 --- [ibratfarzandlari] [           main] u.z.i.IbratfarzandlariApplicationTests   : Starting IbratfarzandlariApplicationTests using Java 17.0.11 with PID 8404 (started by fff in /Users/fff/Desktop/MyFolder/Monolit/Telegram/ibratfarzandlari)
2024-09-26T13:19:17.369+05:00  INFO 8404 --- [ibratfarzandlari] [           main] u.z.i.IbratfarzandlariApplicationTests   : No active profile set, falling back to 1 default profile: "default"
2024-09-26T13:19:17.800+05:00  INFO 8404 --- [ibratfarzandlari] [           main] .s.d.r.c.RepositoryConfigurationDelegate : Bootstrapping Spring Data JPA repositories in DEFAULT mode.
2024-09-26T13:19:17.864+05:00  INFO 8404 --- [ibratfarzandlari] [           main] .s.d.r.c.RepositoryConfigurationDelegate : Finished Spring Data repository scanning in 57 ms. Found 5 JPA repository interfaces.
2024-09-26T13:19:18.255+05:00  INFO 8404 --- [ibratfarzandlari] [           main] o.hibernate.jpa.internal.util.LogHelper  : HHH000204: Processing PersistenceUnitInfo [name: default]
2024-09-26T13:19:18.298+05:00  INFO 8404 --- [ibratfarzandlari] [           main] org.hibernate.Version                    : HHH000412: Hibernate ORM core version 6.5.3.Final
2024-09-26T13:19:18.328+05:00  INFO 8404 --- [ibratfarzandlari] [           main] o.h.c.internal.RegionFactoryInitiator    : HHH000026: Second-level cache disabled
2024-09-26T13:19:18.587+05:00  INFO 8404 --- [ibratfarzandlari] [           main] o.s.o.j.p.SpringPersistenceUnitInfo      : No LoadTimeWeaver setup: ignoring JPA class transformer
2024-09-26T13:19:18.629+05:00  INFO 8404 --- [ibratfarzandlari] [           main] com.zaxxer.hikari.HikariDataSource       : HikariPool-1 - Starting...
2024-09-26T13:19:18.832+05:00  INFO 8404 --- [ibratfarzandlari] [           main] com.zaxxer.hikari.pool.HikariPool        : HikariPool-1 - Added connection org.postgresql.jdbc.PgConnection@5864e8bf
2024-09-26T13:19:18.834+05:00  INFO 8404 --- [ibratfarzandlari] [           main] com.zaxxer.hikari.HikariDataSource       : HikariPool-1 - Start completed.
2024-09-26T13:19:19.842+05:00  INFO 8404 --- [ibratfarzandlari] [           main] o.h.e.t.j.p.i.JtaPlatformInitiator       : HHH000489: No JTA platform available (set 'hibernate.transaction.jta.platform' to enable JTA platform integration)
Hibernate: alter table if exists bot_information alter column about_we set data type TEXT
Hibernate: alter table if exists bot_information alter column results set data type TEXT
Hibernate: alter table if exists lessons alter column description set data type TEXT
2024-09-26T13:19:19.947+05:00  INFO 8404 --- [ibratfarzandlari] [           main] j.LocalContainerEntityManagerFactoryBean : Initialized JPA EntityManagerFactory for persistence unit 'default'
2024-09-26T13:19:21.217+05:00  INFO 8404 --- [ibratfarzandlari] [           main] u.z.i.IbratfarzandlariApplicationTests   : Started IbratfarzandlariApplicationTests in 4.086 seconds (process running for 4.878)
]]></system-out>
  </testcase>
</testsuite>